Release 14.4 Map P.49d (nt64)
Xilinx Mapping Report File for Design 'Calculadora'

Design Information
------------------
Command Line   : map -intstyle ise -p xc3s500e-fg320-4 -cm area -ir off -pr off
-c 100 -o Calculadora_map.ncd Calculadora.ngd Calculadora.pcf 
Target Device  : xc3s500e
Target Package : fg320
Target Speed   : -4
Mapper Version : spartan3e -- $Revision: 1.55 $
Mapped Date    : Thu Nov 29 15:57:41 2018

Design Summary
--------------
Number of errors:      0
Number of warnings:    0
Logic Utilization:
  Number of 4 input LUTs:                 4 out of   9,312    1%
Logic Distribution:
  Number of occupied Slices:              2 out of   4,656    1%
    Number of Slices containing only related logic:       2 out of       2 100%
    Number of Slices containing unrelated logic:          0 out of       2   0%
      *See NOTES below for an explanation of the effects of unrelated logic.
  Total Number of 4 input LUTs:           4 out of   9,312    1%
  Number of bonded IOBs:                 12 out of     232    5%

Average Fanout of Non-Clock Nets:                2.25

Peak Memory Usage:  243 MB
Total REAL time to MAP completion:  3 secs 
Total CPU time to MAP completion:   3 secs 

NOTES:

   Related logic is defined as being logic that shares connectivity - e.g. two
   LUTs are "related" if they share common inputs.  When assembling slices,
   Map gives priority to combine logic that is related.  Doing so results in
   the best timing performance.

   Unrelated logic shares no connectivity.  Map will only begin packing
   unrelated logic into a slice once 99% of the slices are occupied through
   related logic packing.

   Note that once logic distribution reaches the 99% level through related
   logic packing, this does not mean the device is completely utilized.
   Unrelated logic packing will then begin, continuing until all usable LUTs
   and FFs are occupied.  Depending on your timing budget, increased levels of
   unrelated logic packing may adversely affect the overall timing performance
   of your design.

Table of Contents
-----------------
Section 1 - Errors
Section 2 - Warnings
Section 3 - Informational
Section 4 - Removed Logic Summary
Section 5 - Removed Logic
Section 6 - IOB Properties
Section 7 - RPMs
Section 8 - Guide Report
Section 9 - Area Group and Partition Summary
Section 10 - Timing Report
Section 11 - Configuration String Information
Section 12 - Control Set Information
Section 13 - Utilization by Hierarchy

Section 1 - Errors
------------------

Section 2 - Warnings
--------------------

Section 3 - Informational
-------------------------
INFO:MapLib:562 - No environment variables are currently set.
INFO:LIT:244 - All of the single ended outputs in this design are using slew
   rate limited output drivers. The delay on speed critical single ended outputs
   can be dramatically reduced by designating them as fast outputs.

Section 4 - Removed Logic Summary
---------------------------------
  48 block(s) removed
 120 block(s) optimized away
  44 signal(s) removed

Section 5 - Removed Logic
-------------------------

The trimmed logic report below shows the logic removed from your design due to
sourceless or loadless signals, and VCC or ground connections.  If the removal
of a signal or symbol results in the subsequent removal of an additional signal
or symbol, the message explaining that second removal will be indented.  This
indentation will be repeated as a chain of related logic is removed.

To quickly locate the original cause for the removal of a chain of logic, look
above the place where that logic is listed in the trimming report, then locate
the lines that are least indented (begin at the leftmost edge).

Loadless block "XLXI_3/XLXI_20/XLXI_4/XLXI_4" (XOR) removed.
 The signal "XLXI_3/XLXI_20/XLXN_3" is loadless and has been removed.
  Loadless block "XLXI_3/XLXI_20/XLXI_3/XLXI_6" (OR) removed.
   The signal "XLXI_3/XLXI_20/XLXI_3/XLXN_23" is loadless and has been removed.
    Loadless block "XLXI_3/XLXI_20/XLXI_3/XLXI_2" (AND) removed.
   The signal "XLXI_3/XLXI_20/XLXI_3/XLXN_22" is loadless and has been removed.
    Loadless block "XLXI_3/XLXI_20/XLXI_3/XLXI_5" (AND) removed.
 The signal "XLXI_3/XLXI_20/XLXI_4/XLXN_17" is loadless and has been removed.
  Loadless block "XLXI_3/XLXI_20/XLXI_4/XLXI_3" (XOR) removed.
   The signal "XLXI_3/S8" is loadless and has been removed.
    Loadless block "XLXI_3/XLXI_19/XLXI_5/XLXI_4" (XOR) removed.
     The signal "XLXI_3/XLXI_19/XLXN_32" is loadless and has been removed.
      Loadless block "XLXI_3/XLXI_19/XLXI_4/XLXI_6" (OR) removed.
       The signal "XLXI_3/XLXI_19/XLXI_4/XLXN_23" is loadless and has been removed.
        Loadless block "XLXI_3/XLXI_19/XLXI_4/XLXI_2" (AND) removed.
       The signal "XLXI_3/XLXI_19/XLXI_4/XLXN_22" is loadless and has been removed.
        Loadless block "XLXI_3/XLXI_19/XLXI_4/XLXI_5" (AND) removed.
     The signal "XLXI_3/XLXI_19/XLXI_5/XLXN_17" is loadless and has been removed.
      Loadless block "XLXI_3/XLXI_19/XLXI_5/XLXI_3" (XOR) removed.
       The signal "XLXI_3/XLXN_63" is loadless and has been removed.
        Loadless block "XLXI_3/XLXI_18/XLXI_6/XLXI_4" (XOR) removed.
         The signal "XLXI_3/XLXI_18/XLXN_4" is loadless and has been removed.
          Loadless block "XLXI_3/XLXI_18/XLXI_5/XLXI_6" (OR) removed.
           The signal "XLXI_3/XLXI_18/XLXI_5/XLXN_23" is loadless and has been removed.
            Loadless block "XLXI_3/XLXI_18/XLXI_5/XLXI_2" (AND) removed.
           The signal "XLXI_3/XLXI_18/XLXI_5/XLXN_22" is loadless and has been removed.
            Loadless block "XLXI_3/XLXI_18/XLXI_5/XLXI_5" (AND) removed.
         The signal "XLXI_3/XLXI_18/XLXI_6/XLXN_17" is loadless and has been removed.
          Loadless block "XLXI_3/XLXI_18/XLXI_6/XLXI_3" (XOR) removed.
           The signal "XLXI_3/XLXN_52" is loadless and has been removed.
            Loadless block "XLXI_3/XLXI_17/XLXI_6/XLXI_6" (OR) removed.
             The signal "XLXI_3/XLXI_17/XLXI_6/XLXN_23" is loadless and has been removed.
              Loadless block "XLXI_3/XLXI_17/XLXI_6/XLXI_2" (AND) removed.
             The signal "XLXI_3/XLXI_17/XLXI_6/XLXN_22" is loadless and has been removed.
              Loadless block "XLXI_3/XLXI_17/XLXI_6/XLXI_5" (AND) removed.
           The signal "XLXI_3/XLXI_18/XLXN_25" is loadless and has been removed.
            Loadless block "XLXI_3/XLXI_18/XLXI_13" (AND) removed.
       The signal "XLXI_3/XLXI_19/XLXN_24" is loadless and has been removed.
        Loadless block "XLXI_3/XLXI_19/XLXI_12" (AND) removed.
   The signal "XLXI_3/XLXI_20/XLXN_23" is loadless and has been removed.
    Loadless block "XLXI_3/XLXI_20/XLXI_11" (AND) removed.
Loadless block "XLXI_3/XLXI_20/XLXI_5/XLXI_4" (XOR) removed.
 The signal "XLXI_3/XLXI_20/XLXN_32" is loadless and has been removed.
  Loadless block "XLXI_3/XLXI_20/XLXI_4/XLXI_6" (OR) removed.
   The signal "XLXI_3/XLXI_20/XLXI_4/XLXN_23" is loadless and has been removed.
    Loadless block "XLXI_3/XLXI_20/XLXI_4/XLXI_2" (AND) removed.
   The signal "XLXI_3/XLXI_20/XLXI_4/XLXN_22" is loadless and has been removed.
    Loadless block "XLXI_3/XLXI_20/XLXI_4/XLXI_5" (AND) removed.
 The signal "XLXI_3/XLXI_20/XLXI_5/XLXN_17" is loadless and has been removed.
  Loadless block "XLXI_3/XLXI_20/XLXI_5/XLXI_3" (XOR) removed.
   The signal "XLXI_3/S9" is loadless and has been removed.
    Loadless block "XLXI_3/XLXI_19/XLXI_6/XLXI_4" (XOR) removed.
     The signal "XLXI_3/XLXI_19/XLXN_4" is loadless and has been removed.
      Loadless block "XLXI_3/XLXI_19/XLXI_5/XLXI_6" (OR) removed.
       The signal "XLXI_3/XLXI_19/XLXI_5/XLXN_23" is loadless and has been removed.
        Loadless block "XLXI_3/XLXI_19/XLXI_5/XLXI_2" (AND) removed.
       The signal "XLXI_3/XLXI_19/XLXI_5/XLXN_22" is loadless and has been removed.
        Loadless block "XLXI_3/XLXI_19/XLXI_5/XLXI_5" (AND) removed.
     The signal "XLXI_3/XLXI_19/XLXI_6/XLXN_17" is loadless and has been removed.
      Loadless block "XLXI_3/XLXI_19/XLXI_6/XLXI_3" (XOR) removed.
       The signal "XLXI_3/XLXN_53" is loadless and has been removed.
        Loadless block "XLXI_3/XLXI_18/XLXI_6/XLXI_6" (OR) removed.
         The signal "XLXI_3/XLXI_18/XLXI_6/XLXN_23" is loadless and has been removed.
          Loadless block "XLXI_3/XLXI_18/XLXI_6/XLXI_2" (AND) removed.
         The signal "XLXI_3/XLXI_18/XLXI_6/XLXN_22" is loadless and has been removed.
          Loadless block "XLXI_3/XLXI_18/XLXI_6/XLXI_5" (AND) removed.
       The signal "XLXI_3/XLXI_19/XLXN_25" is loadless and has been removed.
        Loadless block "XLXI_3/XLXI_19/XLXI_13" (AND) removed.
   The signal "XLXI_3/XLXI_20/XLXN_24" is loadless and has been removed.
    Loadless block "XLXI_3/XLXI_20/XLXI_12" (AND) removed.
Loadless block "XLXI_3/XLXI_20/XLXI_6/XLXI_4" (XOR) removed.
 The signal "XLXI_3/XLXI_20/XLXN_4" is loadless and has been removed.
  Loadless block "XLXI_3/XLXI_20/XLXI_5/XLXI_6" (OR) removed.
   The signal "XLXI_3/XLXI_20/XLXI_5/XLXN_23" is loadless and has been removed.
    Loadless block "XLXI_3/XLXI_20/XLXI_5/XLXI_2" (AND) removed.
   The signal "XLXI_3/XLXI_20/XLXI_5/XLXN_22" is loadless and has been removed.
    Loadless block "XLXI_3/XLXI_20/XLXI_5/XLXI_5" (AND) removed.
 The signal "XLXI_3/XLXI_20/XLXI_6/XLXN_17" is loadless and has been removed.
  Loadless block "XLXI_3/XLXI_20/XLXI_6/XLXI_3" (XOR) removed.
   The signal "XLXI_3/c" is loadless and has been removed.
    Loadless block "XLXI_3/XLXI_19/XLXI_6/XLXI_6" (OR) removed.
     The signal "XLXI_3/XLXI_19/XLXI_6/XLXN_23" is loadless and has been removed.
      Loadless block "XLXI_3/XLXI_19/XLXI_6/XLXI_2" (AND) removed.
     The signal "XLXI_3/XLXI_19/XLXI_6/XLXN_22" is loadless and has been removed.
      Loadless block "XLXI_3/XLXI_19/XLXI_6/XLXI_5" (AND) removed.
   The signal "XLXI_3/XLXI_20/XLXN_25" is loadless and has been removed.
    Loadless block "XLXI_3/XLXI_20/XLXI_13" (AND) removed.
Loadless block "XLXI_3/XLXI_20/XLXI_6/XLXI_6" (OR) removed.
 The signal "XLXI_3/XLXI_20/XLXI_6/XLXN_23" is loadless and has been removed.
  Loadless block "XLXI_3/XLXI_20/XLXI_6/XLXI_2" (AND) removed.
 The signal "XLXI_3/XLXI_20/XLXI_6/XLXN_22" is loadless and has been removed.
  Loadless block "XLXI_3/XLXI_20/XLXI_6/XLXI_5" (AND) removed.

Optimized Block(s):
TYPE 		BLOCK
AND2 		XLXI_3/XLXI_16/XLXI_1/XLXI_5
AND2 		XLXI_3/XLXI_16/XLXI_10
AND2 		XLXI_3/XLXI_16/XLXI_11
AND2 		XLXI_3/XLXI_16/XLXI_12
AND2 		XLXI_3/XLXI_16/XLXI_13
AND2 		XLXI_3/XLXI_16/XLXI_2/XLXI_2
AND2 		XLXI_3/XLXI_16/XLXI_3/XLXI_2
XOR2 		XLXI_3/XLXI_16/XLXI_3/XLXI_3
AND2 		XLXI_3/XLXI_16/XLXI_3/XLXI_5
OR2 		XLXI_3/XLXI_16/XLXI_3/XLXI_6
AND2 		XLXI_3/XLXI_16/XLXI_4/XLXI_2
XOR2 		XLXI_3/XLXI_16/XLXI_4/XLXI_3
XOR2 		XLXI_3/XLXI_16/XLXI_4/XLXI_4
AND2 		XLXI_3/XLXI_16/XLXI_4/XLXI_5
OR2 		XLXI_3/XLXI_16/XLXI_4/XLXI_6
AND2 		XLXI_3/XLXI_16/XLXI_5/XLXI_2
XOR2 		XLXI_3/XLXI_16/XLXI_5/XLXI_3
XOR2 		XLXI_3/XLXI_16/XLXI_5/XLXI_4
AND2 		XLXI_3/XLXI_16/XLXI_5/XLXI_5
OR2 		XLXI_3/XLXI_16/XLXI_5/XLXI_6
AND2 		XLXI_3/XLXI_16/XLXI_6/XLXI_2
XOR2 		XLXI_3/XLXI_16/XLXI_6/XLXI_3
XOR2 		XLXI_3/XLXI_16/XLXI_6/XLXI_4
AND2 		XLXI_3/XLXI_16/XLXI_6/XLXI_5
OR2 		XLXI_3/XLXI_16/XLXI_6/XLXI_6
AND2 		XLXI_3/XLXI_17/XLXI_1/XLXI_2
AND2 		XLXI_3/XLXI_17/XLXI_1/XLXI_5
OR2 		XLXI_3/XLXI_17/XLXI_1/XLXI_6
AND2 		XLXI_3/XLXI_17/XLXI_10
AND2 		XLXI_3/XLXI_17/XLXI_11
AND2 		XLXI_3/XLXI_17/XLXI_12
AND2 		XLXI_3/XLXI_17/XLXI_13
AND2 		XLXI_3/XLXI_17/XLXI_2/XLXI_2
AND2 		XLXI_3/XLXI_17/XLXI_2/XLXI_5
OR2 		XLXI_3/XLXI_17/XLXI_2/XLXI_6
AND2 		XLXI_3/XLXI_17/XLXI_3/XLXI_2
XOR2 		XLXI_3/XLXI_17/XLXI_3/XLXI_3
XOR2 		XLXI_3/XLXI_17/XLXI_3/XLXI_4
AND2 		XLXI_3/XLXI_17/XLXI_3/XLXI_5
OR2 		XLXI_3/XLXI_17/XLXI_3/XLXI_6
AND2 		XLXI_3/XLXI_17/XLXI_4/XLXI_2
XOR2 		XLXI_3/XLXI_17/XLXI_4/XLXI_3
XOR2 		XLXI_3/XLXI_17/XLXI_4/XLXI_4
AND2 		XLXI_3/XLXI_17/XLXI_4/XLXI_5
OR2 		XLXI_3/XLXI_17/XLXI_4/XLXI_6
AND2 		XLXI_3/XLXI_17/XLXI_5/XLXI_2
XOR2 		XLXI_3/XLXI_17/XLXI_5/XLXI_3
XOR2 		XLXI_3/XLXI_17/XLXI_5/XLXI_4
AND2 		XLXI_3/XLXI_17/XLXI_5/XLXI_5
OR2 		XLXI_3/XLXI_17/XLXI_5/XLXI_6
XOR2 		XLXI_3/XLXI_17/XLXI_6/XLXI_3
XOR2 		XLXI_3/XLXI_17/XLXI_6/XLXI_4
AND2 		XLXI_3/XLXI_17/XLXI_8
AND2 		XLXI_3/XLXI_17/XLXI_9
AND2 		XLXI_3/XLXI_18/XLXI_1/XLXI_2
AND2 		XLXI_3/XLXI_18/XLXI_1/XLXI_5
OR2 		XLXI_3/XLXI_18/XLXI_1/XLXI_6
AND2 		XLXI_3/XLXI_18/XLXI_10
AND2 		XLXI_3/XLXI_18/XLXI_11
AND2 		XLXI_3/XLXI_18/XLXI_12
AND2 		XLXI_3/XLXI_18/XLXI_2/XLXI_2
XOR2 		XLXI_3/XLXI_18/XLXI_2/XLXI_3
XOR2 		XLXI_3/XLXI_18/XLXI_2/XLXI_4
AND2 		XLXI_3/XLXI_18/XLXI_2/XLXI_5
OR2 		XLXI_3/XLXI_18/XLXI_2/XLXI_6
AND2 		XLXI_3/XLXI_18/XLXI_3/XLXI_2
XOR2 		XLXI_3/XLXI_18/XLXI_3/XLXI_3
XOR2 		XLXI_3/XLXI_18/XLXI_3/XLXI_4
AND2 		XLXI_3/XLXI_18/XLXI_3/XLXI_5
OR2 		XLXI_3/XLXI_18/XLXI_3/XLXI_6
AND2 		XLXI_3/XLXI_18/XLXI_4/XLXI_2
XOR2 		XLXI_3/XLXI_18/XLXI_4/XLXI_3
XOR2 		XLXI_3/XLXI_18/XLXI_4/XLXI_4
AND2 		XLXI_3/XLXI_18/XLXI_4/XLXI_5
OR2 		XLXI_3/XLXI_18/XLXI_4/XLXI_6
XOR2 		XLXI_3/XLXI_18/XLXI_5/XLXI_3
XOR2 		XLXI_3/XLXI_18/XLXI_5/XLXI_4
AND2 		XLXI_3/XLXI_18/XLXI_8
AND2 		XLXI_3/XLXI_18/XLXI_9
AND2 		XLXI_3/XLXI_19/XLXI_1/XLXI_2
XOR2 		XLXI_3/XLXI_19/XLXI_1/XLXI_3
XOR2 		XLXI_3/XLXI_19/XLXI_1/XLXI_4
AND2 		XLXI_3/XLXI_19/XLXI_1/XLXI_5
OR2 		XLXI_3/XLXI_19/XLXI_1/XLXI_6
AND2 		XLXI_3/XLXI_19/XLXI_10
AND2 		XLXI_3/XLXI_19/XLXI_11
AND2 		XLXI_3/XLXI_19/XLXI_2/XLXI_2
XOR2 		XLXI_3/XLXI_19/XLXI_2/XLXI_3
XOR2 		XLXI_3/XLXI_19/XLXI_2/XLXI_4
AND2 		XLXI_3/XLXI_19/XLXI_2/XLXI_5
OR2 		XLXI_3/XLXI_19/XLXI_2/XLXI_6
AND2 		XLXI_3/XLXI_19/XLXI_3/XLXI_2
XOR2 		XLXI_3/XLXI_19/XLXI_3/XLXI_3
XOR2 		XLXI_3/XLXI_19/XLXI_3/XLXI_4
AND2 		XLXI_3/XLXI_19/XLXI_3/XLXI_5
OR2 		XLXI_3/XLXI_19/XLXI_3/XLXI_6
XOR2 		XLXI_3/XLXI_19/XLXI_4/XLXI_3
XOR2 		XLXI_3/XLXI_19/XLXI_4/XLXI_4
AND2 		XLXI_3/XLXI_19/XLXI_8
AND2 		XLXI_3/XLXI_19/XLXI_9
AND2 		XLXI_3/XLXI_20/XLXI_1/XLXI_2
XOR2 		XLXI_3/XLXI_20/XLXI_1/XLXI_3
XOR2 		XLXI_3/XLXI_20/XLXI_1/XLXI_4
AND2 		XLXI_3/XLXI_20/XLXI_1/XLXI_5
OR2 		XLXI_3/XLXI_20/XLXI_1/XLXI_6
AND2 		XLXI_3/XLXI_20/XLXI_10
AND2 		XLXI_3/XLXI_20/XLXI_2/XLXI_2
XOR2 		XLXI_3/XLXI_20/XLXI_2/XLXI_3
XOR2 		XLXI_3/XLXI_20/XLXI_2/XLXI_4
AND2 		XLXI_3/XLXI_20/XLXI_2/XLXI_5
OR2 		XLXI_3/XLXI_20/XLXI_2/XLXI_6
XOR2 		XLXI_3/XLXI_20/XLXI_3/XLXI_3
XOR2 		XLXI_3/XLXI_20/XLXI_3/XLXI_4
AND2 		XLXI_3/XLXI_20/XLXI_8
AND2 		XLXI_3/XLXI_20/XLXI_9
AND2 		XLXI_3/XLXI_3
AND2 		XLXI_3/XLXI_4
AND2 		XLXI_3/XLXI_5
AND2 		XLXI_3/XLXI_6
GND 		XLXI_4

To enable printing of redundant blocks removed and signals merged, set the
detailed map report option and rerun map.

Section 6 - IOB Properties
--------------------------

+---------------------------------------------------------------------------------------------------------------------------------------------------------+
| IOB Name                           | Type             | Direction | IO Standard          | Diff  | Drive    | Slew | Reg (s)      | Resistor | IOB      |
|                                    |                  |           |                      | Term  | Strength | Rate |              |          | Delay    |
+---------------------------------------------------------------------------------------------------------------------------------------------------------+
| A0                                 | IBUF             | INPUT     | LVCMOS25             |       |          |      |              |          | 0 / 0    |
| A1                                 | IBUF             | INPUT     | LVCMOS25             |       |          |      |              |          | 0 / 0    |
| B0                                 | IBUF             | INPUT     | LVCMOS25             |       |          |      |              |          | 0 / 0    |
| B1                                 | IBUF             | INPUT     | LVCMOS25             |       |          |      |              |          | 0 / 0    |
| S0                                 | IOB              | OUTPUT    | LVCMOS25             |       | 12       | SLOW |              |          | 0 / 0    |
| S1                                 | IOB              | OUTPUT    | LVCMOS25             |       | 12       | SLOW |              |          | 0 / 0    |
| S2                                 | IOB              | OUTPUT    | LVCMOS25             |       | 12       | SLOW |              |          | 0 / 0    |
| S3                                 | IOB              | OUTPUT    | LVCMOS25             |       | 12       | SLOW |              |          | 0 / 0    |
| S4                                 | IOB              | OUTPUT    | LVCMOS25             |       | 12       | SLOW |              |          | 0 / 0    |
| S5                                 | IOB              | OUTPUT    | LVCMOS25             |       | 12       | SLOW |              |          | 0 / 0    |
| S6                                 | IOB              | OUTPUT    | LVCMOS25             |       | 12       | SLOW |              |          | 0 / 0    |
| S7                                 | IOB              | OUTPUT    | LVCMOS25             |       | 12       | SLOW |              |          | 0 / 0    |
+---------------------------------------------------------------------------------------------------------------------------------------------------------+

Section 7 - RPMs
----------------

Section 8 - Guide Report
------------------------
Guide not run on this design.

Section 9 - Area Group and Partition Summary
--------------------------------------------

Partition Implementation Status
-------------------------------

  No Partitions were found in this design.

-------------------------------

Area Group Information
----------------------

  No area groups were found in this design.

----------------------

Section 10 - Timing Report
--------------------------
This design was not run using timing mode.

Section 11 - Configuration String Details
-----------------------------------------
Use the "-detail" map option to print out Configuration Strings

Section 12 - Control Set Information
------------------------------------
No control set information for this architecture.

Section 13 - Utilization by Hierarchy
-------------------------------------
Use the "-detail" map option to print out the Utilization by Hierarchy section.
