Release 14.4 - xst P.49d (nt64)
Copyright (c) 1995-2012 Xilinx, Inc.  All rights reserved.
--> Parameter TMPDIR set to xst/projnav.tmp


Total REAL time to Xst completion: 0.00 secs
Total CPU time to Xst completion: 0.24 secs
 
--> Parameter xsthdpdir set to xst


Total REAL time to Xst completion: 0.00 secs
Total CPU time to Xst completion: 0.24 secs
 
--> Reading design: Contador.prj

TABLE OF CONTENTS
  1) Synthesis Options Summary
  2) HDL Compilation
  3) Design Hierarchy Analysis
  4) HDL Analysis
  5) HDL Synthesis
     5.1) HDL Synthesis Report
  6) Advanced HDL Synthesis
     6.1) Advanced HDL Synthesis Report
  7) Low Level Synthesis
  8) Partition Report
  9) Final Report
	9.1) Device utilization summary
	9.2) Partition Resource Summary
	9.3) TIMING REPORT


=========================================================================
*                      Synthesis Options Summary                        *
=========================================================================
---- Source Parameters
Input File Name                    : "Contador.prj"
Input Format                       : mixed
Ignore Synthesis Constraint File   : NO

---- Target Parameters
Output File Name                   : "Contador"
Output Format                      : NGC
Target Device                      : xc3s500e-4-fg320

---- Source Options
Top Module Name                    : Contador
Automatic FSM Extraction           : YES
FSM Encoding Algorithm             : Auto
Safe Implementation                : No
FSM Style                          : LUT
RAM Extraction                     : Yes
RAM Style                          : Auto
ROM Extraction                     : Yes
Mux Style                          : Auto
Decoder Extraction                 : YES
Priority Encoder Extraction        : Yes
Shift Register Extraction          : YES
Logical Shifter Extraction         : YES
XOR Collapsing                     : YES
ROM Style                          : Auto
Mux Extraction                     : Yes
Resource Sharing                   : YES
Asynchronous To Synchronous        : NO
Multiplier Style                   : Auto
Automatic Register Balancing       : No

---- Target Options
Add IO Buffers                     : YES
Global Maximum Fanout              : 100000
Add Generic Clock Buffer(BUFG)     : 24
Register Duplication               : YES
Slice Packing                      : YES
Optimize Instantiated Primitives   : NO
Use Clock Enable                   : Yes
Use Synchronous Set                : Yes
Use Synchronous Reset              : Yes
Pack IO Registers into IOBs        : Auto
Equivalent register Removal        : YES

---- General Options
Optimization Goal                  : Speed
Optimization Effort                : 1
Keep Hierarchy                     : No
Netlist Hierarchy                  : As_Optimized
RTL Output                         : Yes
Global Optimization                : AllClockNets
Read Cores                         : YES
Write Timing Constraints           : NO
Cross Clock Analysis               : NO
Hierarchy Separator                : /
Bus Delimiter                      : <>
Case Specifier                     : Maintain
Slice Utilization Ratio            : 100
BRAM Utilization Ratio             : 100
Verilog 2001                       : YES
Auto BRAM Packing                  : NO
Slice Utilization Ratio Delta      : 5

=========================================================================


=========================================================================
*                          HDL Compilation                              *
=========================================================================
Compiling vhdl file "C:/Users/alejandro/Desktop/proyectologica/proyect/Contador.vhf" in Library work.
Architecture behavioral of Entity ftc_mxilinx_contador is up to date.
Architecture behavioral of Entity contador is up to date.

=========================================================================
*                     Design Hierarchy Analysis                         *
=========================================================================
Analyzing hierarchy for entity <Contador> in library <work> (architecture <behavioral>).

Analyzing hierarchy for entity <FTC_MXILINX_Contador> in library <work> (architecture <behavioral>) with generics.
	INIT = '0'


=========================================================================
*                            HDL Analysis                               *
=========================================================================
Analyzing Entity <Contador> in library <work> (Architecture <behavioral>).
    Set user-defined property "HU_SET =  XLXI_1_0" for instance <XLXI_1> in unit <Contador>.
    Set user-defined property "HU_SET =  XLXI_2_1" for instance <XLXI_2> in unit <Contador>.
    Set user-defined property "HU_SET =  XLXI_3_2" for instance <XLXI_3> in unit <Contador>.
    Set user-defined property "HU_SET =  XLXI_4_3" for instance <XLXI_4> in unit <Contador>.
    Set user-defined property "HU_SET =  XLXI_5_4" for instance <XLXI_5> in unit <Contador>.
    Set user-defined property "HU_SET =  XLXI_6_5" for instance <XLXI_6> in unit <Contador>.
Entity <Contador> analyzed. Unit <Contador> generated.

Analyzing generic Entity <FTC_MXILINX_Contador> in library <work> (Architecture <behavioral>).
	INIT = '0'
    Set user-defined property "INIT =  0" for instance <I_36_35> in unit <FTC_MXILINX_Contador>.
    Set user-defined property "RLOC =  X0Y0" for instance <I_36_35> in unit <FTC_MXILINX_Contador>.
Entity <FTC_MXILINX_Contador> analyzed. Unit <FTC_MXILINX_Contador> generated.


=========================================================================
*                           HDL Synthesis                               *
=========================================================================

Performing bidirectional port resolution...

Synthesizing Unit <FTC_MXILINX_Contador>.
    Related source file is "C:/Users/alejandro/Desktop/proyectologica/proyect/Contador.vhf".
Unit <FTC_MXILINX_Contador> synthesized.


Synthesizing Unit <Contador>.
    Related source file is "C:/Users/alejandro/Desktop/proyectologica/proyect/Contador.vhf".
Unit <Contador> synthesized.


=========================================================================
HDL Synthesis Report

Found no macro
=========================================================================

=========================================================================
*                       Advanced HDL Synthesis                          *
=========================================================================


=========================================================================
Advanced HDL Synthesis Report

Macro Statistics
# Registers                                            : 6
 Flip-Flops                                            : 6

=========================================================================

=========================================================================
*                         Low Level Synthesis                           *
=========================================================================

Optimizing unit <Contador> ...

Optimizing unit <FTC_MXILINX_Contador> ...

Mapping all equations...
Building and optimizing final netlist ...
Found area constraint ratio of 100 (+ 5) on block Contador, actual ratio is 0.

Final Macro Processing ...

=========================================================================
Final Register Report

Macro Statistics
# Registers                                            : 6
 Flip-Flops                                            : 6

=========================================================================

=========================================================================
*                           Partition Report                            *
=========================================================================

Partition Implementation Status
-------------------------------

  No Partitions were found in this design.

-------------------------------

=========================================================================
*                            Final Report                               *
=========================================================================
Final Results
RTL Top Level Output File Name     : Contador.ngr
Top Level Output File Name         : Contador
Output Format                      : NGC
Optimization Goal                  : Speed
Keep Hierarchy                     : No

Design Statistics
# IOs                              : 8

Cell Usage :
# BELS                             : 12
#      AND2                        : 5
#      VCC                         : 1
#      XOR2                        : 6
# FlipFlops/Latches                : 6
#      FDC                         : 6
# Clock Buffers                    : 1
#      BUFGP                       : 1
# IO Buffers                       : 7
#      IBUF                        : 1
#      OBUF                        : 6
=========================================================================

Device utilization summary:
---------------------------

Selected Device : 3s500efg320-4 

 Number of Slices:                        3  out of   4656     0%  
 Number of Slice Flip Flops:              6  out of   9312     0%  
 Number of IOs:                           8
 Number of bonded IOBs:                   8  out of    232     3%  
 Number of GCLKs:                         1  out of     24     4%  

---------------------------
Partition Resource Summary:
---------------------------

  No Partitions were found in this design.

---------------------------


=========================================================================
TIMING REPORT

NOTE: THESE TIMING NUMBERS ARE ONLY A SYNTHESIS ESTIMATE.
      FOR ACCURATE TIMING INFORMATION PLEASE REFER TO THE TRACE REPORT
      GENERATED AFTER PLACE-and-ROUTE.

Clock Information:
------------------
-----------------------------------+------------------------+-------+
Clock Signal                       | Clock buffer(FF name)  | Load  |
-----------------------------------+------------------------+-------+
Enable                             | BUFGP                  | 6     |
-----------------------------------+------------------------+-------+

Asynchronous Control Signals Information:
----------------------------------------
-----------------------------------+------------------------+-------+
Control Signal                     | Buffer(FF name)        | Load  |
-----------------------------------+------------------------+-------+
CLR                                | IBUF                   | 6     |
-----------------------------------+------------------------+-------+

Timing Summary:
---------------
Speed Grade: -4

   Minimum period: 7.214ns (Maximum Frequency: 138.619MHz)
   Minimum input arrival time before clock: No path found
   Maximum output required time after clock: 10.178ns
   Maximum combinational path delay: No path found

Timing Detail:
--------------
All values displayed in nanoseconds (ns)

=========================================================================
Timing constraint: Default period analysis for Clock 'Enable'
  Clock period: 7.214ns (frequency: 138.619MHz)
  Total number of paths / destination ports: 21 / 6
-------------------------------------------------------------------------
Delay:               7.214ns (Levels of Logic = 6)
  Source:            XLXI_1/I_36_35 (FF)
  Destination:       XLXI_6/I_36_35 (FF)
  Source Clock:      Enable rising
  Destination Clock: Enable rising

  Data Path: XLXI_1/I_36_35 to XLXI_6/I_36_35
                                Gate     Net
    Cell:in->out      fanout   Delay   Delay  Logical Name (Net Name)
    ----------------------------------------  ------------
     FDC:C->Q              4   0.591   0.587  I_36_35 (Q)
     end scope: 'XLXI_1'
     AND2:I1->O            2   0.704   0.447  XLXI_8 (XLXN_31)
     AND2:I1->O            2   0.704   0.447  XLXI_9 (XLXN_33)
     AND2:I1->O            2   0.704   0.447  XLXI_10 (XLXN_35)
     AND2:I1->O            2   0.704   0.447  XLXI_11 (XLXN_45)
     begin scope: 'XLXI_6'
     XOR2:I0->O            1   0.704   0.420  I_36_32 (TQ)
     FDC:D                     0.308          I_36_35
    ----------------------------------------
    Total                      7.214ns (4.419ns logic, 2.795ns route)
                                       (61.3% logic, 38.7% route)

=========================================================================
Timing constraint: Default OFFSET OUT AFTER for Clock 'Enable'
  Total number of paths / destination ports: 11 / 6
-------------------------------------------------------------------------
Offset:              10.178ns (Levels of Logic = 7)
  Source:            XLXI_1/I_36_35 (FF)
  Destination:       S5 (PAD)
  Source Clock:      Enable rising

  Data Path: XLXI_1/I_36_35 to S5
                                Gate     Net
    Cell:in->out      fanout   Delay   Delay  Logical Name (Net Name)
    ----------------------------------------  ------------
     FDC:C->Q              4   0.591   0.587  I_36_35 (Q)
     end scope: 'XLXI_1'
     AND2:I1->O            2   0.704   0.447  XLXI_8 (XLXN_31)
     AND2:I1->O            2   0.704   0.447  XLXI_9 (XLXN_33)
     AND2:I1->O            2   0.704   0.447  XLXI_10 (XLXN_35)
     AND2:I1->O            2   0.704   0.447  XLXI_11 (XLXN_45)
     AND2:I0->O            1   0.704   0.420  XLXI_13 (S5_OBUF)
     OBUF:I->O                 3.272          S5_OBUF (S5)
    ----------------------------------------
    Total                     10.178ns (7.383ns logic, 2.795ns route)
                                       (72.5% logic, 27.5% route)

=========================================================================


Total REAL time to Xst completion: 14.00 secs
Total CPU time to Xst completion: 14.36 secs
 
--> 

Total memory usage is 258420 kilobytes

Number of errors   :    0 (   0 filtered)
Number of warnings :    0 (   0 filtered)
Number of infos    :    0 (   0 filtered)

