Release 14.4 - xst P.49d (nt64)
Copyright (c) 1995-2012 Xilinx, Inc.  All rights reserved.
--> Parameter TMPDIR set to xst/projnav.tmp


Total REAL time to Xst completion: 0.00 secs
Total CPU time to Xst completion: 0.33 secs
 
--> Parameter xsthdpdir set to xst


Total REAL time to Xst completion: 0.00 secs
Total CPU time to Xst completion: 0.33 secs
 
--> Reading design: pruebaRaiz.prj

TABLE OF CONTENTS
  1) Synthesis Options Summary
  2) HDL Compilation
  3) Design Hierarchy Analysis
  4) HDL Analysis
  5) HDL Synthesis
     5.1) HDL Synthesis Report
  6) Advanced HDL Synthesis
     6.1) Advanced HDL Synthesis Report
  7) Low Level Synthesis
  8) Partition Report
  9) Final Report
	9.1) Device utilization summary
	9.2) Partition Resource Summary
	9.3) TIMING REPORT


=========================================================================
*                      Synthesis Options Summary                        *
=========================================================================
---- Source Parameters
Input File Name                    : "pruebaRaiz.prj"
Input Format                       : mixed
Ignore Synthesis Constraint File   : NO

---- Target Parameters
Output File Name                   : "pruebaRaiz"
Output Format                      : NGC
Target Device                      : xc3s500e-4-fg320

---- Source Options
Top Module Name                    : pruebaRaiz
Automatic FSM Extraction           : YES
FSM Encoding Algorithm             : Auto
Safe Implementation                : No
FSM Style                          : LUT
RAM Extraction                     : Yes
RAM Style                          : Auto
ROM Extraction                     : Yes
Mux Style                          : Auto
Decoder Extraction                 : YES
Priority Encoder Extraction        : Yes
Shift Register Extraction          : YES
Logical Shifter Extraction         : YES
XOR Collapsing                     : YES
ROM Style                          : Auto
Mux Extraction                     : Yes
Resource Sharing                   : YES
Asynchronous To Synchronous        : NO
Multiplier Style                   : Auto
Automatic Register Balancing       : No

---- Target Options
Add IO Buffers                     : YES
Global Maximum Fanout              : 100000
Add Generic Clock Buffer(BUFG)     : 24
Register Duplication               : YES
Slice Packing                      : YES
Optimize Instantiated Primitives   : NO
Use Clock Enable                   : Yes
Use Synchronous Set                : Yes
Use Synchronous Reset              : Yes
Pack IO Registers into IOBs        : Auto
Equivalent register Removal        : YES

---- General Options
Optimization Goal                  : Speed
Optimization Effort                : 1
Keep Hierarchy                     : No
Netlist Hierarchy                  : As_Optimized
RTL Output                         : Yes
Global Optimization                : AllClockNets
Read Cores                         : YES
Write Timing Constraints           : NO
Cross Clock Analysis               : NO
Hierarchy Separator                : /
Bus Delimiter                      : <>
Case Specifier                     : Maintain
Slice Utilization Ratio            : 100
BRAM Utilization Ratio             : 100
Verilog 2001                       : YES
Auto BRAM Packing                  : NO
Slice Utilization Ratio Delta      : 5

=========================================================================


=========================================================================
*                          HDL Compilation                              *
=========================================================================
Compiling vhdl file "C:/Users/alejandro/Desktop/proyectologica/proyect/pruebaRaiz.vhf" in Library work.
Entity <raizinterno_muser_pruebaraiz> compiled.
Entity <raizinterno_muser_pruebaraiz> (Architecture <behavioral>) compiled.
Entity <raiz_muser_pruebaraiz> compiled.
Entity <raiz_muser_pruebaraiz> (Architecture <behavioral>) compiled.
Entity <pruebaraiz> compiled.
Entity <pruebaraiz> (Architecture <behavioral>) compiled.
Compiling vhdl file "C:/Users/alejandro/Desktop/proyectologica/proyect/Raiz.vhf" in Library work.
Architecture behavioral of Entity raizinterno_muser_raiz is up to date.
Architecture behavioral of Entity raiz is up to date.
Compiling vhdl file "C:/Users/alejandro/Desktop/proyectologica/proyect/raizInterno.vhf" in Library work.
Architecture behavioral of Entity raizinterno is up to date.

=========================================================================
*                     Design Hierarchy Analysis                         *
=========================================================================
Analyzing hierarchy for entity <pruebaRaiz> in library <work> (architecture <behavioral>).

Analyzing hierarchy for entity <Raiz_MUSER_pruebaRaiz> in library <work> (architecture <behavioral>).

Analyzing hierarchy for entity <raizInterno_MUSER_pruebaRaiz> in library <work> (architecture <behavioral>).


=========================================================================
*                            HDL Analysis                               *
=========================================================================
Analyzing Entity <pruebaRaiz> in library <work> (Architecture <behavioral>).
Entity <pruebaRaiz> analyzed. Unit <pruebaRaiz> generated.

Analyzing Entity <Raiz_MUSER_pruebaRaiz> in library <work> (Architecture <behavioral>).
WARNING:Xst:753 - "C:/Users/alejandro/Desktop/proyectologica/proyect/pruebaRaiz.vhf" line 250: Unconnected output port 'd' of component 'raizInterno_MUSER_pruebaRaiz'.
WARNING:Xst:753 - "C:/Users/alejandro/Desktop/proyectologica/proyect/pruebaRaiz.vhf" line 274: Unconnected output port 'd' of component 'raizInterno_MUSER_pruebaRaiz'.
WARNING:Xst:753 - "C:/Users/alejandro/Desktop/proyectologica/proyect/pruebaRaiz.vhf" line 314: Unconnected output port 'd' of component 'raizInterno_MUSER_pruebaRaiz'.
WARNING:Xst:753 - "C:/Users/alejandro/Desktop/proyectologica/proyect/pruebaRaiz.vhf" line 322: Unconnected output port 'd' of component 'raizInterno_MUSER_pruebaRaiz'.
WARNING:Xst:753 - "C:/Users/alejandro/Desktop/proyectologica/proyect/pruebaRaiz.vhf" line 330: Unconnected output port 'd' of component 'raizInterno_MUSER_pruebaRaiz'.
WARNING:Xst:753 - "C:/Users/alejandro/Desktop/proyectologica/proyect/pruebaRaiz.vhf" line 338: Unconnected output port 'd' of component 'raizInterno_MUSER_pruebaRaiz'.
WARNING:Xst:753 - "C:/Users/alejandro/Desktop/proyectologica/proyect/pruebaRaiz.vhf" line 346: Unconnected output port 'd' of component 'raizInterno_MUSER_pruebaRaiz'.
WARNING:Xst:753 - "C:/Users/alejandro/Desktop/proyectologica/proyect/pruebaRaiz.vhf" line 354: Unconnected output port 'd' of component 'raizInterno_MUSER_pruebaRaiz'.
Entity <Raiz_MUSER_pruebaRaiz> analyzed. Unit <Raiz_MUSER_pruebaRaiz> generated.

Analyzing Entity <raizInterno_MUSER_pruebaRaiz> in library <work> (Architecture <behavioral>).
Entity <raizInterno_MUSER_pruebaRaiz> analyzed. Unit <raizInterno_MUSER_pruebaRaiz> generated.


=========================================================================
*                           HDL Synthesis                               *
=========================================================================

Performing bidirectional port resolution...

Synthesizing Unit <raizInterno_MUSER_pruebaRaiz>.
    Related source file is "C:/Users/alejandro/Desktop/proyectologica/proyect/pruebaRaiz.vhf".
Unit <raizInterno_MUSER_pruebaRaiz> synthesized.


Synthesizing Unit <Raiz_MUSER_pruebaRaiz>.
    Related source file is "C:/Users/alejandro/Desktop/proyectologica/proyect/pruebaRaiz.vhf".
Unit <Raiz_MUSER_pruebaRaiz> synthesized.


Synthesizing Unit <pruebaRaiz>.
    Related source file is "C:/Users/alejandro/Desktop/proyectologica/proyect/pruebaRaiz.vhf".
Unit <pruebaRaiz> synthesized.


=========================================================================
HDL Synthesis Report

Found no macro
=========================================================================

=========================================================================
*                       Advanced HDL Synthesis                          *
=========================================================================


=========================================================================
Advanced HDL Synthesis Report

Found no macro
=========================================================================

=========================================================================
*                         Low Level Synthesis                           *
=========================================================================

Optimizing unit <pruebaRaiz> ...

Optimizing unit <raizInterno_MUSER_pruebaRaiz> ...

Optimizing unit <Raiz_MUSER_pruebaRaiz> ...

Mapping all equations...
Building and optimizing final netlist ...
Found area constraint ratio of 100 (+ 5) on block pruebaRaiz, actual ratio is 0.

Final Macro Processing ...

=========================================================================
Final Register Report

Found no macro
=========================================================================

=========================================================================
*                           Partition Report                            *
=========================================================================

Partition Implementation Status
-------------------------------

  No Partitions were found in this design.

-------------------------------

=========================================================================
*                            Final Report                               *
=========================================================================
Final Results
RTL Top Level Output File Name     : pruebaRaiz.ngr
Top Level Output File Name         : pruebaRaiz
Output Format                      : NGC
Optimization Goal                  : Speed
Keep Hierarchy                     : No

Design Statistics
# IOs                              : 8

Cell Usage :
# BELS                             : 146
#      AND3                        : 17
#      AND3B1                      : 17
#      AND3B2                      : 51
#      GND                         : 1
#      INV                         : 4
#      LUT1                        : 4
#      MUXF5                       : 17
#      OR4                         : 34
#      VCC                         : 1
# IO Buffers                       : 8
#      IBUF                        : 4
#      OBUF                        : 4
=========================================================================

Device utilization summary:
---------------------------

Selected Device : 3s500efg320-4 

 Number of Slices:                        4  out of   4656     0%  
 Number of 4 input LUTs:                  8  out of   9312     0%  
 Number of IOs:                           8
 Number of bonded IOBs:                   8  out of    232     3%  

---------------------------
Partition Resource Summary:
---------------------------

  No Partitions were found in this design.

---------------------------


=========================================================================
TIMING REPORT

NOTE: THESE TIMING NUMBERS ARE ONLY A SYNTHESIS ESTIMATE.
      FOR ACCURATE TIMING INFORMATION PLEASE REFER TO THE TRACE REPORT
      GENERATED AFTER PLACE-and-ROUTE.

Clock Information:
------------------
No clock signals found in this design

Asynchronous Control Signals Information:
----------------------------------------
No asynchronous control signals found in this design

Timing Summary:
---------------
Speed Grade: -4

   Minimum period: No path found
   Minimum input arrival time before clock: No path found
   Maximum output required time after clock: No path found
   Maximum combinational path delay: 31.243ns

Timing Detail:
--------------
All values displayed in nanoseconds (ns)

=========================================================================
Timing constraint: Default path analysis
  Total number of paths / destination ports: 774464 / 2
-------------------------------------------------------------------------
Delay:               31.243ns (Levels of Logic = 23)
  Source:            A2 (PAD)
  Destination:       S0 (PAD)

  Data Path: A2 to S0
                                Gate     Net
    Cell:in->out      fanout   Delay   Delay  Logical Name (Net Name)
    ----------------------------------------  ------------
     IBUF:I->O             6   1.218   0.669  A2_IBUF (A2_IBUF)
     AND3:I2->O            2   0.704   0.447  XLXI_1/XLXI_11/XLXI_2 (XLXI_1/XLXI_11/XLXN_22)
     OR4:I2->O             5   0.704   0.633  XLXI_1/XLXI_11/XLXI_9 (XLXI_1/XLXN_21)
     AND3:I0->O            2   0.704   0.447  XLXI_1/XLXI_10/XLXI_2 (XLXI_1/XLXI_10/XLXN_22)
     OR4:I2->O             5   0.704   0.633  XLXI_1/XLXI_10/XLXI_9 (XLXI_1/XLXN_24)
     AND3:I0->O            2   0.704   0.447  XLXI_1/XLXI_9/XLXI_2 (XLXI_1/XLXI_9/XLXN_22)
     OR4:I2->O             5   0.704   0.633  XLXI_1/XLXI_9/XLXI_9 (XLXI_1/XLXN_25)
     AND3:I0->O            2   0.704   0.447  XLXI_1/XLXI_8/XLXI_2 (XLXI_1/XLXI_8/XLXN_22)
     OR4:I2->O             5   0.704   0.633  XLXI_1/XLXI_8/XLXI_9 (XLXI_1/XLXN_26)
     AND3:I0->O            2   0.704   0.447  XLXI_1/XLXI_7/XLXI_2 (XLXI_1/XLXI_7/XLXN_22)
     OR4:I2->O             1   0.704   0.420  XLXI_1/XLXI_7/XLXI_9 (XLXI_1/XLXN_86)
     INV:I->O             10   0.704   0.882  XLXI_1/XLXI_49 (S1_OBUF)
     MUXF5:S->O            6   0.739   0.669  XLXI_1/XLXI_11/XLXI_10 (XLXI_1/XLXN_42)
     AND3:I2->O            2   0.704   0.447  XLXI_1/XLXI_13/XLXI_2 (XLXI_1/XLXI_13/XLXN_22)
     OR4:I2->O             5   0.704   0.633  XLXI_1/XLXI_13/XLXI_9 (XLXI_1/XLXN_18)
     AND3:I0->O            2   0.704   0.447  XLXI_1/XLXI_14/XLXI_2 (XLXI_1/XLXI_14/XLXN_22)
     OR4:I2->O             5   0.704   0.633  XLXI_1/XLXI_14/XLXI_9 (XLXI_1/XLXN_19)
     AND3:I0->O            2   0.704   0.447  XLXI_1/XLXI_15/XLXI_2 (XLXI_1/XLXI_15/XLXN_22)
     OR4:I2->O             5   0.704   0.633  XLXI_1/XLXI_15/XLXI_9 (XLXI_1/XLXN_20)
     AND3:I0->O            2   0.704   0.447  XLXI_1/XLXI_16/XLXI_2 (XLXI_1/XLXI_16/XLXN_22)
     OR4:I2->O             1   0.704   0.420  XLXI_1/XLXI_16/XLXI_9 (XLXI_1/XLXN_46)
     INV:I->O              1   0.704   0.420  XLXI_1/XLXI_47 (S0_OBUF)
     OBUF:I->O                 3.272          S0_OBUF (S0)
    ----------------------------------------
    Total                     31.243ns (19.309ns logic, 11.934ns route)
                                       (61.8% logic, 38.2% route)

=========================================================================


Total REAL time to Xst completion: 20.00 secs
Total CPU time to Xst completion: 20.32 secs
 
--> 

Total memory usage is 259828 kilobytes

Number of errors   :    0 (   0 filtered)
Number of warnings :    8 (   0 filtered)
Number of infos    :    0 (   0 filtered)

