--------------------------------------------------------------------------------
Release 14.4 Trace  (nt64)
Copyright (c) 1995-2012 Xilinx, Inc.  All rights reserved.

D:\xilins\14.4\ISE_DS\ISE\bin\nt64\unwrapped\trce.exe -intstyle ise -v 3 -s 4
-n 3 -fastpaths -xml SumadorRestador6bits.twx SumadorRestador6bits.ncd -o
SumadorRestador6bits.twr SumadorRestador6bits.pcf

Design file:              SumadorRestador6bits.ncd
Physical constraint file: SumadorRestador6bits.pcf
Device,package,speed:     xc3s500e,fg320,-4 (PRODUCTION 1.27 2012-12-04)
Report level:             verbose report

Environment Variable      Effect 
--------------------      ------ 
NONE                      No environment variables were set
--------------------------------------------------------------------------------

INFO:Timing:2698 - No timing constraints found, doing default enumeration.
INFO:Timing:3412 - To improve timing, see the Timing Closure User Guide (UG612).
INFO:Timing:2752 - To get complete path coverage, use the unconstrained paths 
   option. All paths that are not constrained will be reported in the 
   unconstrained paths section(s) of the report.
INFO:Timing:3339 - The clock-to-out numbers in this timing report are based on 
   a 50 Ohm transmission line loading model.  For the details of this model, 
   and for more information on accounting for different loading conditions, 
   please see the device datasheet.
INFO:Timing:3390 - This architecture does not support a default System Jitter 
   value, please add SYSTEM_JITTER constraint to the UCF to modify the Clock 
   Uncertainty calculation.
INFO:Timing:3389 - This architecture does not support 'Discrete Jitter' and 
   'Phase Error' calculations, these terms will be zero in the Clock 
   Uncertainty calculation.  Please make appropriate modification to 
   SYSTEM_JITTER to account for the unsupported Discrete Jitter and Phase 
   Error.



Data Sheet report:
-----------------
All values displayed in nanoseconds (ns)

Pad to Pad
---------------+---------------+---------+
Source Pad     |Destination Pad|  Delay  |
---------------+---------------+---------+
A0             |S0             |    6.665|
A0             |S1             |    6.313|
A0             |S2             |    7.019|
A0             |S3             |    8.643|
A0             |S4             |   10.628|
A0             |S5             |   10.303|
A0             |cout           |   11.291|
A1             |S1             |    6.840|
A1             |S2             |    7.330|
A1             |S3             |    8.612|
A1             |S4             |   10.597|
A1             |S5             |   10.272|
A1             |cout           |   11.260|
A2             |S2             |    7.717|
A2             |S3             |    6.714|
A2             |S4             |    8.006|
A2             |S5             |    7.681|
A2             |cout           |    8.669|
A3             |S3             |    8.041|
A3             |S4             |    7.884|
A3             |S5             |    7.559|
A3             |cout           |    8.547|
A4             |S4             |    6.596|
A4             |S5             |    6.806|
A4             |cout           |    7.013|
A5             |S5             |    7.849|
A5             |cout           |    6.792|
B0             |S0             |    6.592|
B0             |S1             |    6.275|
B0             |S2             |    7.108|
B0             |S3             |    8.732|
B0             |S4             |   10.717|
B0             |S5             |   10.392|
B0             |cout           |   11.380|
B1             |S1             |    6.958|
B1             |S2             |    7.506|
B1             |S3             |    8.737|
B1             |S4             |   10.722|
B1             |S5             |   10.397|
B1             |cout           |   11.385|
B2             |S2             |    7.837|
B2             |S3             |    7.329|
B2             |S4             |    8.376|
B2             |S5             |    8.051|
B2             |cout           |    9.039|
B3             |S3             |    7.644|
B3             |S4             |    7.786|
B3             |S5             |    7.461|
B3             |cout           |    8.449|
B4             |S4             |    6.463|
B4             |S5             |    7.347|
B4             |cout           |    7.038|
B5             |S5             |    7.809|
B5             |cout           |    6.595|
control        |S1             |    7.146|
control        |S2             |    9.616|
control        |S3             |    9.126|
control        |S4             |   11.111|
control        |S5             |   10.786|
control        |cout           |   11.774|
---------------+---------------+---------+


Analysis completed Tue Nov 27 16:45:14 2018 
--------------------------------------------------------------------------------

Trace Settings:
-------------------------
Trace Settings 

Peak Memory Usage: 159 MB



